Using pre-set license
Built from '2022.3/staging' branch; Version is '2022.3.8f1 (b5eafc012955) revision 11922172'; Using compiler version '192829333'; Build Type 'Release'
OS: 'Windows 11  (10.0.22621) 64bit CoreSingleLanguage' Language: 'es' Physical Memory: 16234 MB
BatchMode: 1, IsHumanControllingUs: 0, StartBugReporterOnCrash: 0, Is64bit: 1, IsPro: 1

COMMAND LINE ARGUMENTS:
C:\Program Files\Unity 2022.3.8f1\Editor\Unity.exe
-adb2
-batchMode
-noUpm
-name
AssetImportWorker0
-projectPath
D:/My Games/RubikCube
-logFile
Logs/AssetImportWorker0.log
-srvPort
53005
Successfully changed project path to: D:/My Games/RubikCube
D:/My Games/RubikCube
[UnityMemory] Configuration Parameters - Can be set up in boot.config
    "memorysetup-bucket-allocator-granularity=16"
    "memorysetup-bucket-allocator-bucket-count=8"
    "memorysetup-bucket-allocator-block-size=33554432"
    "memorysetup-bucket-allocator-block-count=8"
    "memorysetup-main-allocator-block-size=16777216"
    "memorysetup-thread-allocator-block-size=16777216"
    "memorysetup-gfx-main-allocator-block-size=16777216"
    "memorysetup-gfx-thread-allocator-block-size=16777216"
    "memorysetup-cache-allocator-block-size=4194304"
    "memorysetup-typetree-allocator-block-size=2097152"
    "memorysetup-profiler-bucket-allocator-granularity=16"
    "memorysetup-profiler-bucket-allocator-bucket-count=8"
    "memorysetup-profiler-bucket-allocator-block-size=33554432"
    "memorysetup-profiler-bucket-allocator-block-count=8"
    "memorysetup-profiler-allocator-block-size=16777216"
    "memorysetup-profiler-editor-allocator-block-size=1048576"
    "memorysetup-temp-allocator-size-main=16777216"
    "memorysetup-job-temp-allocator-block-size=2097152"
    "memorysetup-job-temp-allocator-block-size-background=1048576"
    "memorysetup-job-temp-allocator-reduction-small-platforms=262144"
    "memorysetup-allocator-temp-initial-block-size-main=262144"
    "memorysetup-allocator-temp-initial-block-size-worker=262144"
    "memorysetup-temp-allocator-size-background-worker=32768"
    "memorysetup-temp-allocator-size-job-worker=262144"
    "memorysetup-temp-allocator-size-preload-manager=33554432"
    "memorysetup-temp-allocator-size-nav-mesh-worker=65536"
    "memorysetup-temp-allocator-size-audio-worker=65536"
    "memorysetup-temp-allocator-size-cloud-worker=32768"
    "memorysetup-temp-allocator-size-gi-baking-worker=262144"
    "memorysetup-temp-allocator-size-gfx=262144"
Player connection [20056] Host "[IP] 10.0.0.39 [Port] 0 [Flags] 2 [Guid] 3965642918 [EditorId] 3965642918 [Version] 1048832 [Id] WindowsEditor(7,DESKTOP-3L6VR9N) [Debug] 1 [PackageName] WindowsEditor [ProjectName] Editor" joined multi-casting on [225.0.0.222:54997]...

Player connection [20056] Host "[IP] 10.0.0.39 [Port] 0 [Flags] 2 [Guid] 3965642918 [EditorId] 3965642918 [Version] 1048832 [Id] WindowsEditor(7,DESKTOP-3L6VR9N) [Debug] 1 [PackageName] WindowsEditor [ProjectName] Editor" joined alternative multi-casting on [225.0.0.222:34997]...

[Physics::Module] Initialized MultithreadedJobDispatcher with 11 workers.
Refreshing native plugins compatible for Editor in 9.42 ms, found 3 plugins.
Preloading 0 native plugins for Editor in 0.00 ms.
Initialize engine version: 2022.3.8f1 (b5eafc012955)
[Subsystems] Discovering subsystems at path C:/Program Files/Unity 2022.3.8f1/Editor/Data/Resources/UnitySubsystems
[Subsystems] Discovering subsystems at path D:/My Games/RubikCube/Assets
GfxDevice: creating device client; threaded=0; jobified=0
Direct3D:
    Version:  Direct3D 11.0 [level 11.1]
    Renderer: NVIDIA GeForce GTX 1650 (ID=0x1f91)
    Vendor:   NVIDIA
    VRAM:     3962 MB
    Driver:   30.0.15.1278
Initialize mono
Mono path[0] = 'C:/Program Files/Unity 2022.3.8f1/Editor/Data/Managed'
Mono path[1] = 'C:/Program Files/Unity 2022.3.8f1/Editor/Data/MonoBleedingEdge/lib/mono/unityjit-win32'
Mono config path = 'C:/Program Files/Unity 2022.3.8f1/Editor/Data/MonoBleedingEdge/etc'
Using monoOptions --debugger-agent=transport=dt_socket,embedding=1,server=y,suspend=n,address=127.0.0.1:56640
Begin MonoManager ReloadAssembly
Registering precompiled unity dll's ...
Register platform support module: C:/Program Files/Unity 2022.3.8f1/Editor/Data/PlaybackEngines/AndroidPlayer/UnityEditor.Android.Extensions.dll
Register platform support module: C:/Program Files/Unity 2022.3.8f1/Editor/Data/PlaybackEngines/WindowsStandaloneSupport/UnityEditor.WindowsStandalone.Extensions.dll
Registered in 0.012377 seconds.
- Loaded All Assemblies, in  0.648 seconds
Native extension for WindowsStandalone target not found
Native extension for Android target not found
Mono: successfully reloaded assembly
- Finished resetting the current domain, in  0.519 seconds
Domain Reload Profiling: 1164ms
	BeginReloadAssembly (196ms)
		ExecutionOrderSort (0ms)
		DisableScriptedObjects (0ms)
		BackupInstance (0ms)
		ReleaseScriptingObjects (0ms)
		CreateAndSetChildDomain (1ms)
	RebuildCommonClasses (69ms)
	RebuildNativeTypeToScriptingClass (21ms)
	initialDomainReloadingComplete (99ms)
	LoadAllAssembliesAndSetupDomain (259ms)
		LoadAssemblies (192ms)
		RebuildTransferFunctionScriptingTraits (0ms)
		AnalyzeDomain (256ms)
			TypeCache.Refresh (254ms)
				TypeCache.ScanAssembly (231ms)
			ScanForSourceGeneratedMonoScriptInfo (1ms)
			ResolveRequiredComponents (1ms)
	FinalizeReload (520ms)
		ReleaseScriptCaches (0ms)
		RebuildScriptCaches (0ms)
		SetupLoadedEditorAssemblies (419ms)
			LogAssemblyErrors (0ms)
			InitializePlatformSupportModulesInManaged (146ms)
			SetLoadedEditorAssemblies (7ms)
			RefreshPlugins (0ms)
			BeforeProcessingInitializeOnLoad (4ms)
			ProcessInitializeOnLoadAttributes (177ms)
			ProcessInitializeOnLoadMethodAttributes (86ms)
			AfterProcessingInitializeOnLoad (0ms)
			EditorAssembliesLoaded (0ms)
		ExecutionOrderSort2 (0ms)
		AwakeInstancesAfterBackupRestoration (0ms)
========================================================================
Worker process is ready to serve import requests
Begin MonoManager ReloadAssembly
- Loaded All Assemblies, in  1.054 seconds
Refreshing native plugins compatible for Editor in 2.48 ms, found 3 plugins.
Native extension for WindowsStandalone target not found
Native extension for Android target not found
Package Manager log level set to [2]
[Package Manager] Server::EnsureServerProcessIsRunning -- launch failed, reason: Unity was launched with the -noUpm command-line argument
[Package Manager] UpmClient::Send -- Unable to send message (not connected to UPM process).
[Package Manager] Cannot connect to Unity Package Manager local server
Mono: successfully reloaded assembly
- Finished resetting the current domain, in  0.898 seconds
Domain Reload Profiling: 1948ms
	BeginReloadAssembly (251ms)
		ExecutionOrderSort (0ms)
		DisableScriptedObjects (9ms)
		BackupInstance (0ms)
		ReleaseScriptingObjects (0ms)
		CreateAndSetChildDomain (36ms)
	RebuildCommonClasses (59ms)
	RebuildNativeTypeToScriptingClass (20ms)
	initialDomainReloadingComplete (70ms)
	LoadAllAssembliesAndSetupDomain (649ms)
		LoadAssemblies (472ms)
		RebuildTransferFunctionScriptingTraits (0ms)
		AnalyzeDomain (322ms)
			TypeCache.Refresh (286ms)
				TypeCache.ScanAssembly (255ms)
			ScanForSourceGeneratedMonoScriptInfo (28ms)
			ResolveRequiredComponents (6ms)
	FinalizeReload (899ms)
		ReleaseScriptCaches (0ms)
		RebuildScriptCaches (0ms)
		SetupLoadedEditorAssemblies (641ms)
			LogAssemblyErrors (0ms)
			InitializePlatformSupportModulesInManaged (40ms)
			SetLoadedEditorAssemblies (5ms)
			RefreshPlugins (0ms)
			BeforeProcessingInitializeOnLoad (92ms)
			ProcessInitializeOnLoadAttributes (464ms)
			ProcessInitializeOnLoadMethodAttributes (30ms)
			AfterProcessingInitializeOnLoad (11ms)
			EditorAssembliesLoaded (0ms)
		ExecutionOrderSort2 (0ms)
		AwakeInstancesAfterBackupRestoration (15ms)
Launched and connected shader compiler UnityShaderCompiler.exe after 0.11 seconds
Refreshing native plugins compatible for Editor in 3.65 ms, found 3 plugins.
Preloading 0 native plugins for Editor in 0.00 ms.
Unloading 3070 Unused Serialized files (Serialized files now loaded: 0)
Unloading 31 unused Assets / (56.4 KB). Loaded Objects now: 3535.
Memory consumption went from 119.3 MB to 119.2 MB.
Total: 5.007200 ms (FindLiveObjects: 0.321100 ms CreateObjectMapping: 0.308700 ms MarkObjects: 4.238300 ms  DeleteObjects: 0.137400 ms)

AssetImportParameters requested are different than current active one (requested -> active):
  custom:container-demuxer-ogg: 62fdf1f143b41e24485cea50d1cbac27 -> 
  custom:video-codec-MediaFoundation-h265: 746d11721c4dcdbdad8f713fa42b33f4 -> 
  custom:video-decoder-ogg-theora: a1e56fd34408186e4bbccfd4996cb3dc -> 
  custom:framework-win-MediaFoundation: 216162199b28c13a410421893ffa2e32 -> 
  custom:CustomObjectIndexerAttribute: 756ad292c208cfabdd7b50bc23989ffe -> 
  custom:container-demuxer-webm: 4f35f7cbe854078d1ac9338744f61a02 -> 
  custom:container-muxer-webm: aa71ff27fc2769a1b78a27578f13a17b -> 
  custom:video-decoder-webm-vp8: 9c59270c3fd7afecdb556c50c9e8de78 -> 
  custom:SearchIndexIgnoredProperties: e643bd26f0fe6173181afceb89e7c659 -> 
  custom:AudioImporter_EditorPlatform: d09bf68614088b80899f8185d706f6e7 -> 
  custom:video-encoder-webm-vp8: eb34c28f22e8b96e1ab97ce403110664 -> 
  custom:audio-decoder-ogg-vorbis: bf7c407c2cedff20999df2af8eb42d56 -> 
  custom:audio-encoder-webm-vorbis: bf7c407c2cedff20999df2af8eb42d56 -> 
========================================================================
Received Import Request.
  Time since last request: 51850.453336 seconds.
  path: Assets/Materials/New Material.mat
  artifactKey: Guid(9b5cde12205dfad4fbd9e558a8f69293) Importer(815301076,1909f56bfc062723c751e8b465ee728b)
Start importing Assets/Materials/New Material.mat using Guid(9b5cde12205dfad4fbd9e558a8f69293) Importer(815301076,1909f56bfc062723c751e8b465ee728b)  -> (artifact id: '0afad076eca28133cffd935c22236a91') in 0.137730 seconds
Number of updated asset objects reloaded before import = 0
Number of asset objects unloaded after import = 1
========================================================================
Received Import Request.
  Time since last request: 17.596444 seconds.
  path: Assets/Materials/Green.mat
  artifactKey: Guid(9b5cde12205dfad4fbd9e558a8f69293) Importer(815301076,1909f56bfc062723c751e8b465ee728b)
Start importing Assets/Materials/Green.mat using Guid(9b5cde12205dfad4fbd9e558a8f69293) Importer(815301076,1909f56bfc062723c751e8b465ee728b)  -> (artifact id: 'ddf4cc02f204347a45fa012d82822ac1') in 0.015770 seconds
Number of updated asset objects reloaded before import = 0
Number of asset objects unloaded after import = 1
========================================================================
Received Import Request.
  Time since last request: 401.719266 seconds.
  path: Assets/Prefabs
  artifactKey: Guid(f997d9e69672b9d4496217c798a47631) Importer(815301076,1909f56bfc062723c751e8b465ee728b)
Start importing Assets/Prefabs using Guid(f997d9e69672b9d4496217c798a47631) Importer(815301076,1909f56bfc062723c751e8b465ee728b)  -> (artifact id: 'a4cf0e27b44741d8c2a9b5d9f950f09e') in 0.001540 seconds
Number of updated asset objects reloaded before import = 0
Number of asset objects unloaded after import = 0
========================================================================
Received Import Request.
  Time since last request: 13.064391 seconds.
  path: Assets/Prefabs/Rotation1.prefab
  artifactKey: Guid(a58c1c94e3d137947afa1228fae91eb0) Importer(815301076,1909f56bfc062723c751e8b465ee728b)
Start importing Assets/Prefabs/Rotation1.prefab using Guid(a58c1c94e3d137947afa1228fae91eb0) Importer(815301076,1909f56bfc062723c751e8b465ee728b)  -> (artifact id: 'b3fa121ad542292598561a483ab32357') in 0.036762 seconds
Number of updated asset objects reloaded before import = 0
Number of asset objects unloaded after import = 166
========================================================================
Received Import Request.
  Time since last request: 2.257492 seconds.
  path: Assets/Prefabs/Rotation2.prefab
  artifactKey: Guid(50d189ce7ca8fee4e9d5ed5b70a9c391) Importer(815301076,1909f56bfc062723c751e8b465ee728b)
Start importing Assets/Prefabs/Rotation2.prefab using Guid(50d189ce7ca8fee4e9d5ed5b70a9c391) Importer(815301076,1909f56bfc062723c751e8b465ee728b)  -> (artifact id: '1331d53484a6f2819042a7f140d544ac') in 0.014231 seconds
Number of updated asset objects reloaded before import = 0
Number of asset objects unloaded after import = 151
========================================================================
Received Import Request.
  Time since last request: 38.920843 seconds.
  path: Assets/Prefabs/Rotation2.prefab
  artifactKey: Guid(50d189ce7ca8fee4e9d5ed5b70a9c391) Importer(815301076,1909f56bfc062723c751e8b465ee728b)
Start importing Assets/Prefabs/Rotation2.prefab using Guid(50d189ce7ca8fee4e9d5ed5b70a9c391) Importer(815301076,1909f56bfc062723c751e8b465ee728b)  -> (artifact id: '916a88edd5e93632050f27223c3eac1a') in 0.017953 seconds
Number of updated asset objects reloaded before import = 0
Number of asset objects unloaded after import = 146
========================================================================
Received Import Request.
  Time since last request: 3.028846 seconds.
  path: Assets/Prefabs/Rotation2.prefab
  artifactKey: Guid(50d189ce7ca8fee4e9d5ed5b70a9c391) Importer(815301076,1909f56bfc062723c751e8b465ee728b)
Start importing Assets/Prefabs/Rotation2.prefab using Guid(50d189ce7ca8fee4e9d5ed5b70a9c391) Importer(815301076,1909f56bfc062723c751e8b465ee728b)  -> (artifact id: 'ddfb355fc6c5c5238b7e535862704614') in 0.016601 seconds
Number of updated asset objects reloaded before import = 0
Number of asset objects unloaded after import = 141
========================================================================
Received Import Request.
  Time since last request: 3.634804 seconds.
  path: Assets/Prefabs/Rotation2.prefab
  artifactKey: Guid(50d189ce7ca8fee4e9d5ed5b70a9c391) Importer(815301076,1909f56bfc062723c751e8b465ee728b)
Start importing Assets/Prefabs/Rotation2.prefab using Guid(50d189ce7ca8fee4e9d5ed5b70a9c391) Importer(815301076,1909f56bfc062723c751e8b465ee728b)  -> (artifact id: '428c8717c0c105bd89f1ee36f98ad54d') in 0.022659 seconds
Number of updated asset objects reloaded before import = 0
Number of asset objects unloaded after import = 136
========================================================================
Received Import Request.
  Time since last request: 2.377591 seconds.
  path: Assets/Prefabs/Rotation2.prefab
  artifactKey: Guid(50d189ce7ca8fee4e9d5ed5b70a9c391) Importer(815301076,1909f56bfc062723c751e8b465ee728b)
Start importing Assets/Prefabs/Rotation2.prefab using Guid(50d189ce7ca8fee4e9d5ed5b70a9c391) Importer(815301076,1909f56bfc062723c751e8b465ee728b)  -> (artifact id: '738173eb1e8f0ed019534ae22b82b6e1') in 0.015503 seconds
Number of updated asset objects reloaded before import = 0
Number of asset objects unloaded after import = 131
========================================================================
Received Import Request.
  Time since last request: 3.638155 seconds.
  path: Assets/Prefabs/Rotation2.prefab
  artifactKey: Guid(50d189ce7ca8fee4e9d5ed5b70a9c391) Importer(815301076,1909f56bfc062723c751e8b465ee728b)
Start importing Assets/Prefabs/Rotation2.prefab using Guid(50d189ce7ca8fee4e9d5ed5b70a9c391) Importer(815301076,1909f56bfc062723c751e8b465ee728b)  -> (artifact id: '3a3fbab8b3089efc2ceb7411b628646b') in 0.015736 seconds
Number of updated asset objects reloaded before import = 0
Number of asset objects unloaded after import = 126
========================================================================
Received Import Request.
  Time since last request: 3.462957 seconds.
  path: Assets/Prefabs/Rotation2.prefab
  artifactKey: Guid(50d189ce7ca8fee4e9d5ed5b70a9c391) Importer(815301076,1909f56bfc062723c751e8b465ee728b)
Start importing Assets/Prefabs/Rotation2.prefab using Guid(50d189ce7ca8fee4e9d5ed5b70a9c391) Importer(815301076,1909f56bfc062723c751e8b465ee728b)  -> (artifact id: '13bd17cde8a14325b6d16d9f18511be9') in 0.017316 seconds
Number of updated asset objects reloaded before import = 0
Number of asset objects unloaded after import = 120
========================================================================
Received Import Request.
  Time since last request: 292.547479 seconds.
  path: Assets/Materials/New Material.mat
  artifactKey: Guid(df0d7ba3921ed2449b7d8852ff826e2a) Importer(815301076,1909f56bfc062723c751e8b465ee728b)
Start importing Assets/Materials/New Material.mat using Guid(df0d7ba3921ed2449b7d8852ff826e2a) Importer(815301076,1909f56bfc062723c751e8b465ee728b)  -> (artifact id: '3a01b003c91cd7524a1e19bcedf499d8') in 0.048449 seconds
Number of updated asset objects reloaded before import = 0
Number of asset objects unloaded after import = 1
========================================================================
Received Import Request.
  Time since last request: 10.529736 seconds.
  path: Assets/Materials/Yellow.mat
  artifactKey: Guid(df0d7ba3921ed2449b7d8852ff826e2a) Importer(815301076,1909f56bfc062723c751e8b465ee728b)
Start importing Assets/Materials/Yellow.mat using Guid(df0d7ba3921ed2449b7d8852ff826e2a) Importer(815301076,1909f56bfc062723c751e8b465ee728b)  -> (artifact id: 'a5582b81d0893524cb06d303faa9f173') in 0.025534 seconds
Number of updated asset objects reloaded before import = 0
Number of asset objects unloaded after import = 1
========================================================================
Received Import Request.
  Time since last request: 40.803190 seconds.
  path: Assets/Prefabs/Rotation3.prefab
  artifactKey: Guid(6cbf3f419310bb4498ef30ece4c6ceba) Importer(815301076,1909f56bfc062723c751e8b465ee728b)
Start importing Assets/Prefabs/Rotation3.prefab using Guid(6cbf3f419310bb4498ef30ece4c6ceba) Importer(815301076,1909f56bfc062723c751e8b465ee728b)  -> (artifact id: '60484e72a2e051341144c4660c29ca7f') in 0.043921 seconds
Number of updated asset objects reloaded before import = 0
Number of asset objects unloaded after import = 166
========================================================================
Received Import Request.
  Time since last request: 163.837707 seconds.
  path: Assets/Prefabs/Cube.prefab
  artifactKey: Guid(889043acdac66054b8cd4d072832fd3f) Importer(815301076,1909f56bfc062723c751e8b465ee728b)
Start importing Assets/Prefabs/Cube.prefab using Guid(889043acdac66054b8cd4d072832fd3f) Importer(815301076,1909f56bfc062723c751e8b465ee728b)  -> (artifact id: '5c301ed34b608bc960633002e4ff9522') in 0.079143 seconds
Number of updated asset objects reloaded before import = 0
Number of asset objects unloaded after import = 875
========================================================================
Received Import Request.
  Time since last request: 1902.394198 seconds.
  path: Assets/Prefabs/Cube.prefab
  artifactKey: Guid(889043acdac66054b8cd4d072832fd3f) Importer(815301076,1909f56bfc062723c751e8b465ee728b)
Start importing Assets/Prefabs/Cube.prefab using Guid(889043acdac66054b8cd4d072832fd3f) Importer(815301076,1909f56bfc062723c751e8b465ee728b)  -> (artifact id: '5d585758441ebfab0a6d8e12a04afbfc') in 0.030936 seconds
Number of updated asset objects reloaded before import = 0
Number of asset objects unloaded after import = 875
